<?xml version="1.0" encoding="UTF-8"?>
<testsuite xmlns:xsi="http://www.w3.org/2001/XMLSchema-instance" xsi:noNamespaceSchemaLocation="https://maven.apache.org/surefire/maven-surefire-plugin/xsd/surefire-test-report.xsd" name="com.longines.dao.TestDeleteOrderInfo" time="2.514" tests="1" errors="0" skipped="0" failures="0">
  <properties>
    <property name="sun.desktop" value="windows"/>
    <property name="awt.toolkit" value="sun.awt.windows.WToolkit"/>
    <property name="file.encoding.pkg" value="sun.io"/>
    <property name="java.specification.version" value="1.8"/>
    <property name="sun.cpu.isalist" value="amd64"/>
    <property name="sun.jnu.encoding" value="GBK"/>
    <property name="java.class.path" value="E:\Longines\Longines\target\test-classes;E:\Longines\Longines\target\classes;C:\Users\Administrator\.m2\repository\org\apache\commons\commons-lang3\3.3.2\commons-lang3-3.3.2.jar;C:\Users\Administrator\.m2\repository\commons-io\commons-io\1.3.2\commons-io-1.3.2.jar;C:\Users\Administrator\.m2\repository\commons-net\commons-net\3.3\commons-net-3.3.jar;C:\Users\Administrator\.m2\repository\junit\junit\4.12\junit-4.12.jar;C:\Users\Administrator\.m2\repository\org\hamcrest\hamcrest-core\1.3\hamcrest-core-1.3.jar;C:\Users\Administrator\.m2\repository\org\slf4j\slf4j-api\1.7.10\slf4j-api-1.7.10.jar;C:\Users\Administrator\.m2\repository\ch\qos\logback\logback-core\1.1.2\logback-core-1.1.2.jar;C:\Users\Administrator\.m2\repository\ch\qos\logback\logback-classic\1.1.2\logback-classic-1.1.2.jar;C:\Users\Administrator\.m2\repository\org\slf4j\slf4j-simple\1.7.10\slf4j-simple-1.7.10.jar;C:\Users\Administrator\.m2\repository\com\alibaba\fastjson\1.2.20\fastjson-1.2.20.jar;C:\Users\Administrator\.m2\repository\javax\servlet\javax.servlet-api\3.1.0\javax.servlet-api-3.1.0.jar;C:\Users\Administrator\.m2\repository\taglibs\standard\1.1.2\standard-1.1.2.jar;C:\Users\Administrator\.m2\repository\org\mybatis\mybatis\3.3.0\mybatis-3.3.0.jar;C:\Users\Administrator\.m2\repository\org\mybatis\mybatis-spring\1.2.2\mybatis-spring-1.2.2.jar;C:\Users\Administrator\.m2\repository\com\github\miemiedev\mybatis-paginator\1.2.15\mybatis-paginator-1.2.15.jar;C:\Users\Administrator\.m2\repository\mysql\mysql-connector-java\5.1.32\mysql-connector-java-5.1.32.jar;C:\Users\Administrator\.m2\repository\com\alibaba\druid\1.0.9\druid-1.0.9.jar;C:\Program Files\Java\jdk1.8.0_73\jre\..\lib\jconsole.jar;C:\Program Files\Java\jdk1.8.0_73\jre\..\lib\tools.jar;C:\Users\Administrator\.m2\repository\org\springframework\spring-core\4.3.7.RELEASE\spring-core-4.3.7.RELEASE.jar;C:\Users\Administrator\.m2\repository\commons-logging\commons-logging\1.2\commons-logging-1.2.jar;C:\Users\Administrator\.m2\repository\org\springframework\spring-context\4.3.7.RELEASE\spring-context-4.3.7.RELEASE.jar;C:\Users\Administrator\.m2\repository\org\springframework\spring-beans\4.3.7.RELEASE\spring-beans-4.3.7.RELEASE.jar;C:\Users\Administrator\.m2\repository\org\springframework\spring-context-support\4.3.7.RELEASE\spring-context-support-4.3.7.RELEASE.jar;C:\Users\Administrator\.m2\repository\org\springframework\spring-expression\4.3.7.RELEASE\spring-expression-4.3.7.RELEASE.jar;C:\Users\Administrator\.m2\repository\org\springframework\spring-webmvc\4.3.7.RELEASE\spring-webmvc-4.3.7.RELEASE.jar;C:\Users\Administrator\.m2\repository\org\springframework\spring-jdbc\4.3.7.RELEASE\spring-jdbc-4.3.7.RELEASE.jar;C:\Users\Administrator\.m2\repository\org\springframework\spring-tx\4.3.7.RELEASE\spring-tx-4.3.7.RELEASE.jar;C:\Users\Administrator\.m2\repository\org\springframework\spring-web\4.3.7.RELEASE\spring-web-4.3.7.RELEASE.jar;C:\Users\Administrator\.m2\repository\org\springframework\spring-test\4.3.7.RELEASE\spring-test-4.3.7.RELEASE.jar;C:\Users\Administrator\.m2\repository\org\springframework\spring-aspects\4.3.7.RELEASE\spring-aspects-4.3.7.RELEASE.jar;C:\Users\Administrator\.m2\repository\org\aspectj\aspectjweaver\1.8.9\aspectjweaver-1.8.9.jar;C:\Users\Administrator\.m2\repository\org\springframework\spring-aop\4.3.7.RELEASE\spring-aop-4.3.7.RELEASE.jar;C:\Users\Administrator\.m2\repository\org\springframework\spring-orm\4.3.7.RELEASE\spring-orm-4.3.7.RELEASE.jar;C:\Users\Administrator\.m2\repository\jstl\jstl\1.2\jstl-1.2.jar;C:\Users\Administrator\.m2\repository\javax\servlet\servlet-api\2.5\servlet-api-2.5.jar;C:\Users\Administrator\.m2\repository\javax\servlet\jsp-api\2.0\jsp-api-2.0.jar;C:\Users\Administrator\.m2\repository\commons-fileupload\commons-fileupload\1.3.1\commons-fileupload-1.3.1.jar;C:\Users\Administrator\.m2\repository\redis\clients\jedis\2.7.2\jedis-2.7.2.jar;C:\Users\Administrator\.m2\repository\org\apache\commons\commons-pool2\2.3\commons-pool2-2.3.jar;C:\Users\Administrator\.m2\repository\org\codehaus\jackson\jackson-mapper-asl\1.9.4\jackson-mapper-asl-1.9.4.jar;C:\Users\Administrator\.m2\repository\org\codehaus\jackson\jackson-core-asl\1.9.4\jackson-core-asl-1.9.4.jar;C:\Users\Administrator\.m2\repository\com\fasterxml\jackson\core\jackson-core\2.7.4\jackson-core-2.7.4.jar;C:\Users\Administrator\.m2\repository\com\fasterxml\jackson\core\jackson-databind\2.7.4\jackson-databind-2.7.4.jar;C:\Users\Administrator\.m2\repository\com\fasterxml\jackson\core\jackson-annotations\2.7.0\jackson-annotations-2.7.0.jar;"/>
    <property name="java.vm.vendor" value="Oracle Corporation"/>
    <property name="sun.arch.data.model" value="64"/>
    <property name="user.variant" value=""/>
    <property name="java.vendor.url" value="http://java.oracle.com/"/>
    <property name="user.timezone" value=""/>
    <property name="java.vm.specification.version" value="1.8"/>
    <property name="os.name" value="Windows 10"/>
    <property name="user.country" value="CN"/>
    <property name="sun.java.launcher" value="SUN_STANDARD"/>
    <property name="sun.boot.library.path" value="C:\Program Files\Java\jdk1.8.0_73\jre\bin"/>
    <property name="sun.java.command" value="C:\Users\Administrator\AppData\Local\Temp\surefire3061323698789844811\surefirebooter2332382354524825797.jar C:\Users\Administrator\AppData\Local\Temp\surefire3061323698789844811 2018-08-05T17-27-49_717-jvmRun1 surefire5091243850008806198tmp surefire_04776441663332203963tmp"/>
    <property name="surefire.test.class.path" value="E:\Longines\Longines\target\test-classes;E:\Longines\Longines\target\classes;C:\Users\Administrator\.m2\repository\org\apache\commons\commons-lang3\3.3.2\commons-lang3-3.3.2.jar;C:\Users\Administrator\.m2\repository\commons-io\commons-io\1.3.2\commons-io-1.3.2.jar;C:\Users\Administrator\.m2\repository\commons-net\commons-net\3.3\commons-net-3.3.jar;C:\Users\Administrator\.m2\repository\junit\junit\4.12\junit-4.12.jar;C:\Users\Administrator\.m2\repository\org\hamcrest\hamcrest-core\1.3\hamcrest-core-1.3.jar;C:\Users\Administrator\.m2\repository\org\slf4j\slf4j-api\1.7.10\slf4j-api-1.7.10.jar;C:\Users\Administrator\.m2\repository\ch\qos\logback\logback-core\1.1.2\logback-core-1.1.2.jar;C:\Users\Administrator\.m2\repository\ch\qos\logback\logback-classic\1.1.2\logback-classic-1.1.2.jar;C:\Users\Administrator\.m2\repository\org\slf4j\slf4j-simple\1.7.10\slf4j-simple-1.7.10.jar;C:\Users\Administrator\.m2\repository\com\alibaba\fastjson\1.2.20\fastjson-1.2.20.jar;C:\Users\Administrator\.m2\repository\javax\servlet\javax.servlet-api\3.1.0\javax.servlet-api-3.1.0.jar;C:\Users\Administrator\.m2\repository\taglibs\standard\1.1.2\standard-1.1.2.jar;C:\Users\Administrator\.m2\repository\org\mybatis\mybatis\3.3.0\mybatis-3.3.0.jar;C:\Users\Administrator\.m2\repository\org\mybatis\mybatis-spring\1.2.2\mybatis-spring-1.2.2.jar;C:\Users\Administrator\.m2\repository\com\github\miemiedev\mybatis-paginator\1.2.15\mybatis-paginator-1.2.15.jar;C:\Users\Administrator\.m2\repository\mysql\mysql-connector-java\5.1.32\mysql-connector-java-5.1.32.jar;C:\Users\Administrator\.m2\repository\com\alibaba\druid\1.0.9\druid-1.0.9.jar;C:\Program Files\Java\jdk1.8.0_73\jre\..\lib\jconsole.jar;C:\Program Files\Java\jdk1.8.0_73\jre\..\lib\tools.jar;C:\Users\Administrator\.m2\repository\org\springframework\spring-core\4.3.7.RELEASE\spring-core-4.3.7.RELEASE.jar;C:\Users\Administrator\.m2\repository\commons-logging\commons-logging\1.2\commons-logging-1.2.jar;C:\Users\Administrator\.m2\repository\org\springframework\spring-context\4.3.7.RELEASE\spring-context-4.3.7.RELEASE.jar;C:\Users\Administrator\.m2\repository\org\springframework\spring-beans\4.3.7.RELEASE\spring-beans-4.3.7.RELEASE.jar;C:\Users\Administrator\.m2\repository\org\springframework\spring-context-support\4.3.7.RELEASE\spring-context-support-4.3.7.RELEASE.jar;C:\Users\Administrator\.m2\repository\org\springframework\spring-expression\4.3.7.RELEASE\spring-expression-4.3.7.RELEASE.jar;C:\Users\Administrator\.m2\repository\org\springframework\spring-webmvc\4.3.7.RELEASE\spring-webmvc-4.3.7.RELEASE.jar;C:\Users\Administrator\.m2\repository\org\springframework\spring-jdbc\4.3.7.RELEASE\spring-jdbc-4.3.7.RELEASE.jar;C:\Users\Administrator\.m2\repository\org\springframework\spring-tx\4.3.7.RELEASE\spring-tx-4.3.7.RELEASE.jar;C:\Users\Administrator\.m2\repository\org\springframework\spring-web\4.3.7.RELEASE\spring-web-4.3.7.RELEASE.jar;C:\Users\Administrator\.m2\repository\org\springframework\spring-test\4.3.7.RELEASE\spring-test-4.3.7.RELEASE.jar;C:\Users\Administrator\.m2\repository\org\springframework\spring-aspects\4.3.7.RELEASE\spring-aspects-4.3.7.RELEASE.jar;C:\Users\Administrator\.m2\repository\org\aspectj\aspectjweaver\1.8.9\aspectjweaver-1.8.9.jar;C:\Users\Administrator\.m2\repository\org\springframework\spring-aop\4.3.7.RELEASE\spring-aop-4.3.7.RELEASE.jar;C:\Users\Administrator\.m2\repository\org\springframework\spring-orm\4.3.7.RELEASE\spring-orm-4.3.7.RELEASE.jar;C:\Users\Administrator\.m2\repository\jstl\jstl\1.2\jstl-1.2.jar;C:\Users\Administrator\.m2\repository\javax\servlet\servlet-api\2.5\servlet-api-2.5.jar;C:\Users\Administrator\.m2\repository\javax\servlet\jsp-api\2.0\jsp-api-2.0.jar;C:\Users\Administrator\.m2\repository\commons-fileupload\commons-fileupload\1.3.1\commons-fileupload-1.3.1.jar;C:\Users\Administrator\.m2\repository\redis\clients\jedis\2.7.2\jedis-2.7.2.jar;C:\Users\Administrator\.m2\repository\org\apache\commons\commons-pool2\2.3\commons-pool2-2.3.jar;C:\Users\Administrator\.m2\repository\org\codehaus\jackson\jackson-mapper-asl\1.9.4\jackson-mapper-asl-1.9.4.jar;C:\Users\Administrator\.m2\repository\org\codehaus\jackson\jackson-core-asl\1.9.4\jackson-core-asl-1.9.4.jar;C:\Users\Administrator\.m2\repository\com\fasterxml\jackson\core\jackson-core\2.7.4\jackson-core-2.7.4.jar;C:\Users\Administrator\.m2\repository\com\fasterxml\jackson\core\jackson-databind\2.7.4\jackson-databind-2.7.4.jar;C:\Users\Administrator\.m2\repository\com\fasterxml\jackson\core\jackson-annotations\2.7.0\jackson-annotations-2.7.0.jar;"/>
    <property name="sun.cpu.endian" value="little"/>
    <property name="user.home" value="C:\Users\Administrator"/>
    <property name="user.language" value="zh"/>
    <property name="java.specification.vendor" value="Oracle Corporation"/>
    <property name="java.home" value="C:\Program Files\Java\jdk1.8.0_73\jre"/>
    <property name="basedir" value="E:\Longines\Longines"/>
    <property name="file.separator" value="\"/>
    <property name="line.separator" value="&#10;"/>
    <property name="java.vm.specification.vendor" value="Oracle Corporation"/>
    <property name="java.specification.name" value="Java Platform API Specification"/>
    <property name="java.awt.graphicsenv" value="sun.awt.Win32GraphicsEnvironment"/>
    <property name="surefire.real.class.path" value="C:\Users\Administrator\AppData\Local\Temp\surefire3061323698789844811\surefirebooter2332382354524825797.jar"/>
    <property name="sun.boot.class.path" value="C:\Program Files\Java\jdk1.8.0_73\jre\lib\resources.jar;C:\Program Files\Java\jdk1.8.0_73\jre\lib\rt.jar;C:\Program Files\Java\jdk1.8.0_73\jre\lib\sunrsasign.jar;C:\Program Files\Java\jdk1.8.0_73\jre\lib\jsse.jar;C:\Program Files\Java\jdk1.8.0_73\jre\lib\jce.jar;C:\Program Files\Java\jdk1.8.0_73\jre\lib\charsets.jar;C:\Program Files\Java\jdk1.8.0_73\jre\lib\jfr.jar;C:\Program Files\Java\jdk1.8.0_73\jre\classes"/>
    <property name="user.script" value=""/>
    <property name="sun.management.compiler" value="HotSpot 64-Bit Tiered Compilers"/>
    <property name="java.runtime.version" value="1.8.0_73-b02"/>
    <property name="user.name" value="Administrator"/>
    <property name="path.separator" value=";"/>
    <property name="os.version" value="10.0"/>
    <property name="java.endorsed.dirs" value="C:\Program Files\Java\jdk1.8.0_73\jre\lib\endorsed"/>
    <property name="java.runtime.name" value="Java(TM) SE Runtime Environment"/>
    <property name="file.encoding" value="GBK"/>
    <property name="java.vm.name" value="Java HotSpot(TM) 64-Bit Server VM"/>
    <property name="localRepository" value="C:\Users\Administrator\.m2\repository"/>
    <property name="java.vendor.url.bug" value="http://bugreport.sun.com/bugreport/"/>
    <property name="java.io.tmpdir" value="C:\Users\Administrator\AppData\Local\Temp\"/>
    <property name="idea.version" value="2018.1"/>
    <property name="java.version" value="1.8.0_73"/>
    <property name="user.dir" value="E:\Longines\Longines"/>
    <property name="os.arch" value="amd64"/>
    <property name="java.vm.specification.name" value="Java Virtual Machine Specification"/>
    <property name="java.awt.printerjob" value="sun.awt.windows.WPrinterJob"/>
    <property name="sun.os.patch.level" value=""/>
    <property name="java.library.path" value="C:\Program Files\Java\jdk1.8.0_73\jre\bin;C:\windows\Sun\Java\bin;C:\windows\system32;C:\windows;C:\ProgramData\Oracle\Java\javapath;C:\windows\system32;C:\windows;C:\windows\System32\Wbem;C:\windows\System32\WindowsPowerShell\v1.0\;C:\Program Files\Java\jdk1.8.0_73\bin;C:\mysql-5.7.16-winx64\bin;C:\Program Files\Git\cmd;E:\apache-maven-3.5.2-bin\apache-maven-3.5.2\bin;C:\Program Files\TortoiseGit\bin;C:\Users\Administrator\AppData\Local\Microsoft\WindowsApps;;."/>
    <property name="java.vm.info" value="mixed mode"/>
    <property name="java.vendor" value="Oracle Corporation"/>
    <property name="java.vm.version" value="25.73-b02"/>
    <property name="java.ext.dirs" value="C:\Program Files\Java\jdk1.8.0_73\jre\lib\ext;C:\windows\Sun\Java\lib\ext"/>
    <property name="sun.io.unicode.encoding" value="UnicodeLittle"/>
    <property name="java.class.version" value="52.0"/>
  </properties>
  <testcase name="testDeleteOrderInfo" classname="com.longines.dao.TestDeleteOrderInfo" time="2.452"/>
</testsuite>